Mon Jun 24 20:33:21 PDT 2019  [debug] AvalonLogChute initialized using file 'velocity.log'
Mon Jun 24 20:33:21 PDT 2019  [trace] *******************************************************************
Mon Jun 24 20:33:21 PDT 2019  [debug] Starting Apache Velocity v1.5 (compiled: 2007-02-22 08:52:29)
Mon Jun 24 20:33:21 PDT 2019  [trace] RuntimeInstance initializing.
Mon Jun 24 20:33:21 PDT 2019  [debug] Default Properties File: org\apache\velocity\runtime\defaults\velocity.properties
Mon Jun 24 20:33:21 PDT 2019  [debug] Trying to use logger class org.apache.velocity.runtime.log.AvalonLogChute
Mon Jun 24 20:33:21 PDT 2019  [debug] Using logger class org.apache.velocity.runtime.log.AvalonLogChute
Mon Jun 24 20:33:21 PDT 2019  [debug] Default ResourceManager initializing. (class org.apache.velocity.runtime.resource.ResourceManagerImpl)
Mon Jun 24 20:33:21 PDT 2019  [trace] FileResourceLoader : initialization starting.
Mon Jun 24 20:33:21 PDT 2019  [debug] Do unicode file recognition:  false
Mon Jun 24 20:33:21 PDT 2019   [info] FileResourceLoader : adding path 'E:\DesktopWorkspace\Maven\AnyNameAsArtifact\src\main\torque\templates'
Mon Jun 24 20:33:21 PDT 2019  [trace] FileResourceLoader : initialization complete.
Mon Jun 24 20:33:21 PDT 2019  [trace] ClasspathResourceLoader : initialization complete.
Mon Jun 24 20:33:21 PDT 2019  [debug] ResourceCache: initialized (class org.apache.velocity.runtime.resource.ResourceCacheImpl)
Mon Jun 24 20:33:21 PDT 2019  [trace] Default ResourceManager initialization complete.
Mon Jun 24 20:33:21 PDT 2019  [debug] Loaded System Directive: org.apache.velocity.runtime.directive.Literal
Mon Jun 24 20:33:21 PDT 2019  [debug] Loaded System Directive: org.apache.velocity.runtime.directive.Macro
Mon Jun 24 20:33:21 PDT 2019  [debug] Loaded System Directive: org.apache.velocity.runtime.directive.Parse
Mon Jun 24 20:33:21 PDT 2019  [debug] Loaded System Directive: org.apache.velocity.runtime.directive.Include
Mon Jun 24 20:33:21 PDT 2019  [debug] Loaded System Directive: org.apache.velocity.runtime.directive.Foreach
Mon Jun 24 20:33:21 PDT 2019  [debug] Created '20' parsers.
Mon Jun 24 20:33:21 PDT 2019  [trace] Velocimacro : initialization starting.
Mon Jun 24 20:33:21 PDT 2019  [debug] Velocimacro : "velocimacro.library" is not set.  Trying default library: VM_global_library.vm
Mon Jun 24 20:33:21 PDT 2019  [debug] Velocimacro : Default library not found.
Mon Jun 24 20:33:21 PDT 2019  [debug] Velocimacro : allowInline = true : VMs can be defined inline in templates
Mon Jun 24 20:33:21 PDT 2019  [debug] Velocimacro : allowInlineToOverride = false : VMs defined inline may NOT replace previous VM definitions
Mon Jun 24 20:33:21 PDT 2019  [debug] Velocimacro : allowInlineLocal = false : VMs defined inline will be global in scope if allowed.
Mon Jun 24 20:33:21 PDT 2019  [debug] Velocimacro : autoload off : VM system will not automatically reload global library macros
Mon Jun 24 20:33:21 PDT 2019  [trace] Velocimacro : Velocimacro : initialization complete.
Mon Jun 24 20:33:21 PDT 2019  [trace] RuntimeInstance successfully initialized.
Mon Jun 24 20:33:21 PDT 2019  [debug] ResourceManager : found sql/load/Control.vm with loader org.apache.velocity.runtime.resource.ResourceCacheImpl
